{
 "@type": "html",
 "children": [
  {
   "@type": "head",
   "children": [
    {
     "@type": "title",
     "children": [
      "Sam's Website"
     ]
    }
   ]
  },
  {
   "@type": "body",
   "style": {
    "background-color": "black"
   },
   "children": [
    {
     "@type": "div",
     "children": [
      {
       "@type": "div",
       "children": [
        "Hello World!"
       ]
      },
      {
       "@type": "div",
       "children": [
        "extra info"
       ]
      },
      {
       "@type": "div",
       "children": [
        {
         "@type": "span",
         "children": [
          "Welcome back!"
         ]
        },
        {
         "@type": "span",
         "children": [
          "about"
         ]
        },
        {
         "@type": "span",
         "children": [
          "contact"
         ]
        },
        {
         "@type": "div",
         "children": [
          {
           "@type": "span",
           "children": [
            "click me!"
           ]
          }
         ]
        }
       ]
      }
     ]
    }
   ]
  }
 ]
}
